[debug] > Exec(reload; set _root_.org.jetbrains.sbt.StructureKeys.sbtStructureOptions in Global := "download resolveClassifiers" ;*/*:dumpStructureTo C:/Users/charu/AppData/Local/Temp/sbt-structure.xml; session clear-all ; set ideaPort in Global := 57592, None, None)
[debug] > Exec(reload, None, None)
[debug] > Exec(sbtStashOnFailure, None, None)
[debug] > Exec(onFailure loadFailed, None, None)
[debug] > Exec(loadp, None, None)
[info] welcome to sbt 1.5.2 (Oracle Corporation Java 1.8.0_251)
[debug]       Load.loadUnit: plugins took 33.5964ms
[debug]       Load.loadUnit: defsScala took 0.0151ms
[debug] [Loading] Scanning directory C:\Users\charu\.sbt\1.0\plugins
[debug] [Loading] Found non-root projects 
[debug] [Loading] Done in C:\Users\charu\.sbt\1.0\plugins, returning: ()
[debug] deducing auto plugins based on known facts Set(Atom(sbt.plugins.CorePlugin)) and clauses Clauses(Clause(Atom(sbt.plugins.JvmPlugin),Set(Atom(sbt.plugins.IvyPlugin)))
[debug] Clause(Atom(sbt.ScriptedPlugin),Set(Atom(sbt.plugins.JvmPlugin)))
[debug] Clause(Atom(sbt.plugins.SbtPlugin),Set(Atom(sbt.ScriptedPlugin)))
[debug] Clause(Atom(sbt.plugins.SemanticdbPlugin),Set(Atom(sbt.plugins.JvmPlugin)))
[debug] Clause(Atom(sbt.plugins.JUnitXmlReportPlugin),Set(Atom(sbt.plugins.JvmPlugin)))
[debug] Clause(Atom(sbt.plugins.MiniDependencyTreePlugin),Set(Atom(sbt.plugins.JvmPlugin)))
[debug] Clause(Atom(sbt.plugins.CorePlugin),Set(Atom(sbt.plugins.IvyPlugin)))
[debug] Clause(Atom(sbt.plugins.IvyPlugin),Set(Atom(sbt.plugins.JvmPlugin)))
[debug] Clause(Atom(sbt.plugins.JvmPlugin),Set(Atom(sbt.plugins.SemanticdbPlugin)))
[debug] Clause(Atom(sbt.plugins.JvmPlugin),Set(Atom(sbt.plugins.JUnitXmlReportPlugin)))
[debug] Clause(Atom(sbt.plugins.CorePlugin),Set(Atom(sbt.plugins.Giter8TemplatePlugin)))
[debug] Clause(Atom(sbt.plugins.JvmPlugin),Set(Atom(sbt.plugins.MiniDependencyTreePlugin))))
[debug]   :: deduced result: Matched(sbt.plugins.CorePlugin,sbt.plugins.Giter8TemplatePlugin,sbt.plugins.IvyPlugin,sbt.plugins.JvmPlugin,sbt.plugins.MiniDependencyTreePlugin,sbt.plugins.JUnitXmlReportPlugin,sbt.plugins.SemanticdbPlugin)
[debug] Plugins.deducer#function took 1.430601 ms
[debug]           Load.resolveProject(global-plugins) took 1.340001ms
[debug]         Load.loadTransitive: finalizeProject(Project(id global-plugins, base: C:\Users\charu\.sbt\1.0\plugins, plugins: List(<none>))) took 3.7725ms
[debug] [Loading] Done in C:\Users\charu\.sbt\1.0\plugins, returning: (global-plugins)
[debug]       Load.loadUnit: loadedProjectsRaw took 4.8957ms
[debug]       Load.loadUnit: cleanEvalClasses took 0.0105ms
[debug]     Load.loadUnit(file:/C:/Users/charu/.sbt/1.0/plugins/, ...) took 40.012ms
[debug]   Load.apply: load took 41.5739ms
[debug]   Load.apply: resolveProjects took 0.1107ms
[debug]   Load.apply: finalTransforms took 6.5906ms
[debug]   Load.apply: config.delegates took 0.5457ms
[debug]   Load.apply: Def.make(settings)... took 78.682101ms
[debug]   Load.apply: structureIndex took 22.492999ms
[debug]   Load.apply: mkStreams took 0.0038ms
[info] loading global plugins from C:\Users\charu\.sbt\1.0\plugins
[debug] Running task... Cancel: Signal, check cycles: false, forcegc: true
[debug] Load.defaultLoad until apply took 486.945999ms
[debug]           Load.loadUnit: plugins took 24.900299ms
[debug]           Load.loadUnit: defsScala took 0.004201ms
[debug] [Loading] Scanning directory C:\Users\charu\IdeaProjects\play-exam-work\project
[debug]             Load.loadUnit: mkEval took 1.0141ms
[debug] [Loading] Found non-root projects 
[debug] [Loading] Done in C:\Users\charu\IdeaProjects\play-exam-work\project, returning: ()
[debug] deducing auto plugins based on known facts Set(Atom(sbt.plugins.CorePlugin)) and clauses Clauses(Clause(Atom(sbt.plugins.JvmPlugin),Set(Atom(sbt.plugins.IvyPlugin)))
[debug] Clause(Atom(sbt.ScriptedPlugin),Set(Atom(sbt.plugins.JvmPlugin)))
[debug] Clause(Atom(sbt.plugins.SbtPlugin),Set(Atom(sbt.ScriptedPlugin)))
[debug] Clause(Atom(sbt.plugins.SemanticdbPlugin),Set(Atom(sbt.plugins.JvmPlugin)))
[debug] Clause(Atom(sbt.plugins.JUnitXmlReportPlugin),Set(Atom(sbt.plugins.JvmPlugin)))
[debug] Clause(Atom(sbt.plugins.MiniDependencyTreePlugin),Set(Atom(sbt.plugins.JvmPlugin)))
[debug] Clause(Atom(sbt.plugins.CorePlugin),Set(Atom(sbt.plugins.IvyPlugin)))
[debug] Clause(Atom(sbt.plugins.IvyPlugin),Set(Atom(sbt.plugins.JvmPlugin)))
[debug] Clause(Atom(sbt.plugins.JvmPlugin),Set(Atom(sbt.plugins.SemanticdbPlugin)))
[debug] Clause(Atom(sbt.plugins.JvmPlugin),Set(Atom(sbt.plugins.JUnitXmlReportPlugin)))
[debug] Clause(Atom(sbt.plugins.CorePlugin),Set(Atom(sbt.plugins.Giter8TemplatePlugin)))
[debug] Clause(Atom(sbt.plugins.JvmPlugin),Set(Atom(sbt.plugins.MiniDependencyTreePlugin))))
[debug]   :: deduced result: Matched(sbt.plugins.CorePlugin,sbt.plugins.Giter8TemplatePlugin,sbt.plugins.IvyPlugin,sbt.plugins.JvmPlugin,sbt.plugins.MiniDependencyTreePlugin,sbt.plugins.JUnitXmlReportPlugin,sbt.plugins.SemanticdbPlugin)
[debug] Plugins.deducer#function took 0.8562 ms
[info] loading settings for project play-exam-work-build from plugins.sbt,idea.sbt ...
[debug]               Load.resolveProject(play-exam-work-build) took 1.3987ms
[debug]             Load.loadTransitive: finalizeProject(Project(id play-exam-work-build, base: C:\Users\charu\IdeaProjects\play-exam-work\project, plugins: List(<none>))) took 2.5697ms
[debug] [Loading] Done in C:\Users\charu\IdeaProjects\play-exam-work\project, returning: (play-exam-work-build)
[debug]           Load.loadUnit: loadedProjectsRaw took 94.760199ms
[debug]           Load.loadUnit: cleanEvalClasses took 2.4774ms
[debug]         Load.loadUnit(file:/C:/Users/charu/IdeaProjects/play-exam-work/project/, ...) took 123.221399ms
[debug]       Load.apply: load took 124.3727ms
[debug]       Load.apply: resolveProjects took 0.1211ms
[debug]       Load.apply: finalTransforms took 5.004099ms
[debug]       Load.apply: config.delegates took 0.2227ms
[debug]       Load.apply: Def.make(settings)... took 97.2931ms
[debug]       Load.apply: structureIndex took 16.232201ms
[debug]       Load.apply: mkStreams took 0.004401ms
[info] loading project definition from C:\Users\charu\IdeaProjects\play-exam-work\project
[debug] Running task... Cancel: Signal, check cycles: false, forcegc: true
[debug]     Load.loadUnit: plugins took 1120.113301ms
[debug]     Load.loadUnit: defsScala took 0.005901ms
[debug] [Loading] Scanning directory C:\Users\charu\IdeaProjects\play-exam-work
[debug]       Load.loadUnit: mkEval took 0.731101ms
[error] [C:\Users\charu\IdeaProjects\play-exam-work\build.sbt]:32: ')' expected but string literal found.
[debug] > Exec(loadFailed, None, None)
[warn] Project loading failed: (r)etry, (q)uit, (l)ast, or (i)gnore? (default: r)
