[debug] > Exec(run, None, None)
[debug] Evaluating tasks: Compile / run
[debug] Running task... Cancel: Signal, check cycles: false, forcegc: true
[debug] Running task... Cancel: Signal, check cycles: false, forcegc: true
[debug] Running task... Cancel: Signal, check cycles: false, forcegc: true
[debug] Exporting web-assets:play-exam-work
[debug] Running task... Cancel: Signal, check cycles: false, forcegc: true
[debug] Running task... Cancel: Signal, check cycles: false, forcegc: true
[info] compiling 5 Scala sources to C:\Users\charu\IdeaProjects\play-exam-work\target\scala-2.13\classes ...
[info] done compiling
[info] compiling 2 Scala sources and 1 Java source to C:\Users\charu\IdeaProjects\play-exam-work\target\scala-2.13\classes ...
[info] done compiling
[info] compiling 1 Scala source to C:\Users\charu\IdeaProjects\play-exam-work\target\scala-2.13\classes ...
[info] done compiling
[debug] Forcing garbage collection...
[debug] Running task... Cancel: Signal, check cycles: false, forcegc: true
[debug] Exporting web-assets:play-exam-work
[debug] Running task... Cancel: Signal, check cycles: false, forcegc: true
[debug] Running task... Cancel: Signal, check cycles: false, forcegc: true
[info] compiling 5 Scala sources to C:\Users\charu\IdeaProjects\play-exam-work\target\scala-2.13\classes ...
[info] done compiling
[info] compiling 2 Scala sources and 1 Java source to C:\Users\charu\IdeaProjects\play-exam-work\target\scala-2.13\classes ...
[info] done compiling
[info] compiling 1 Scala source to C:\Users\charu\IdeaProjects\play-exam-work\target\scala-2.13\classes ...
[info] done compiling
[debug] Forcing garbage collection...
[debug] Running task... Cancel: Signal, check cycles: false, forcegc: true
[debug] Exporting web-assets:play-exam-work
[debug] Running task... Cancel: Signal, check cycles: false, forcegc: true
[debug] Running task... Cancel: Signal, check cycles: false, forcegc: true
[debug] Running task... Cancel: Signal, check cycles: false, forcegc: true
[debug] Exporting web-assets:play-exam-work
[debug] Running task... Cancel: Signal, check cycles: false, forcegc: true
[debug] Forcing garbage collection...
[success] Total time: 2371 s (39:31), completed 4 Feb, 2022 11:16:36 PM
[debug] > Exec(idea-shell, None, None)
[warn] build source files have changed
[warn] modified files: 
[warn]   C:\Users\charu\IdeaProjects\play-exam-work\build.sbt
[warn] Apply these changes by running `reload`.
[warn] Automatically reload the build when source changes are detected by setting `Global / onChangedBuildSource := ReloadOnSourceChanges`.
[warn] Disable this warning by setting `Global / onChangedBuildSource := IgnoreSourceChanges`.
